<?xml version="1.0" encoding="UTF-8"?>
<testng-results ignored="0" total="1" passed="1" failed="0" skipped="0">
  <reporter-output>
  </reporter-output>
  <suite started-at="2024-01-11T03:33:35 IST" name="Default suite" finished-at="2024-01-11T03:33:38 IST" duration-ms="3325">
    <groups>
    </groups>
    <test started-at="2024-01-11T03:33:35 IST" name="Default test" finished-at="2024-01-11T03:33:38 IST" duration-ms="3325">
      <class name="PostAPIRequest">
        <test-method signature="post()[pri:0, instance:PostAPIRequest@6aba2b86]" started-at="2024-01-11T03:33:35 IST" name="post" finished-at="2024-01-11T03:33:38 IST" duration-ms="3271" status="PASS">
          <reporter-output>
          </reporter-output>
        </test-method> <!-- post -->
      </class> <!-- PostAPIRequest -->
    </test> <!-- Default test -->
  </suite> <!-- Default suite -->
</testng-results>
